<?xml version="1.0" encoding="UTF-8"?>
<!-- Generated by org.testng.reporters.JUnitReportReporter -->
<testsuite skipped="0" hostname="SKNEETS" name="com.qa.testcases.HomePageTest" tests="3" failures="0" timestamp="2021-03-20T12:28:14 IST" time="96.829" errors="0">
  <testcase name="verifyHomePageTitleTest" time="19.379" classname="com.qa.testcases.HomePageTest"/>
  <system-out/>
  <testcase name="verifyUserTitleTest" time="56.953" classname="com.qa.testcases.HomePageTest"/>
  <system-out/>
  <testcase name="verifyContactsLinkTest" time="20.497" classname="com.qa.testcases.HomePageTest"/>
  <system-out/>
</testsuite> <!-- com.qa.testcases.HomePageTest -->
