<?xml version="1.0" encoding="UTF-8"?>
<!-- Generated by org.testng.reporters.JUnitReportReporter -->
<testsuite skipped="0" hostname="SKNEETS" name="com.qa.testcases.LoginPageTest" tests="3" failures="0" timestamp="2021-03-20T12:45:24 IST" time="67.985" errors="0">
  <testcase name="loginPageTitleTest" time="18.635" classname="com.qa.testcases.LoginPageTest"/>
  <system-out/>
  <testcase name="classicTextTest" time="26.000" classname="com.qa.testcases.LoginPageTest"/>
  <system-out/>
  <testcase name="loginTest" time="23.350" classname="com.qa.testcases.LoginPageTest"/>
  <system-out/>
</testsuite> <!-- com.qa.testcases.LoginPageTest -->
